835  [background-preinit] INFO  o.h.validator.internal.util.Version – HV000001: Hibernate Validator 6.1.7.Final
852  [main] INFO  Practice23.Application – Starting Application using Java 17.0.1 on DESKTOP-4O3KFHE with PID 4532 (C:\Users\tom31\Downloads\AKSP_5_PRACTICE-master\AKSP_5_PRACTICE-master\target\classes started by tom31 in C:\Users\tom31\Downloads\AKSP_5_PRACTICE-master\AKSP_5_PRACTICE-master)
853  [main] INFO  Practice23.Application – No active profile set, falling back to default profiles: default
1757 [main] INFO  o.s.d.r.c.RepositoryConfigurationDelegate – Bootstrapping Spring Data JPA repositories in DEFAULT mode.
1841 [main] INFO  o.s.d.r.c.RepositoryConfigurationDelegate – Finished Spring Data repository scanning in 74 ms. Found 3 JPA repository interfaces.
2465 [main] INFO  o.s.b.w.e.tomcat.TomcatWebServer – Tomcat initialized with port(s): 8080 (http)
2472 [main] INFO  o.a.coyote.http11.Http11NioProtocol – Initializing ProtocolHandler ["http-nio-8080"]
2472 [main] INFO  o.a.catalina.core.StandardService – Starting service [Tomcat]
2477 [main] INFO  o.a.catalina.core.StandardEngine – Starting Servlet engine: [Apache Tomcat/9.0.43]
2556 [main] INFO  o.a.c.c.C.[Tomcat].[localhost].[/] – Initializing Spring embedded WebApplicationContext
2557 [main] INFO  o.s.b.w.s.c.ServletWebServerApplicationContext – Root WebApplicationContext: initialization completed in 1657 ms
2717 [main] INFO  o.h.jpa.internal.util.LogHelper – HHH000204: Processing PersistenceUnitInfo [name: default]
2766 [main] INFO  org.hibernate.Version – HHH000412: Hibernate ORM core version 5.4.28.Final
2874 [main] INFO  o.h.annotations.common.Version – HCANN000001: Hibernate Commons Annotations {5.1.2.Final}
2964 [main] INFO  com.zaxxer.hikari.HikariDataSource – HikariPool-1 - Starting...
3139 [main] INFO  com.zaxxer.hikari.HikariDataSource – HikariPool-1 - Start completed.
3182 [main] INFO  org.hibernate.dialect.Dialect – HHH000400: Using dialect: org.hibernate.dialect.PostgreSQL10Dialect
3926 [main] INFO  o.h.e.t.j.p.i.JtaPlatformInitiator – HHH000490: Using JtaPlatform implementation: [org.hibernate.engine.transaction.jta.platform.internal.NoJtaPlatform]
3934 [main] INFO  o.s.o.j.LocalContainerEntityManagerFactoryBean – Initialized JPA EntityManagerFactory for persistence unit 'default'
4554 [main] INFO  o.s.s.w.DefaultSecurityFilterChain – Will secure any request with [org.springframework.security.web.context.request.async.WebAsyncManagerIntegrationFilter@3fdbb7ee, org.springframework.security.web.context.SecurityContextPersistenceFilter@2a191f83, org.springframework.security.web.header.HeaderWriterFilter@346690d6, org.springframework.security.web.authentication.logout.LogoutFilter@6fbfd28b, org.springframework.security.web.authentication.UsernamePasswordAuthenticationFilter@50628080, org.springframework.security.web.authentication.ui.DefaultLoginPageGeneratingFilter@4ac77269, org.springframework.security.web.authentication.ui.DefaultLogoutPageGeneratingFilter@32c08610, org.springframework.security.web.savedrequest.RequestCacheAwareFilter@3adbd038, org.springframework.security.web.servletapi.SecurityContextHolderAwareRequestFilter@48788853, org.springframework.security.web.authentication.AnonymousAuthenticationFilter@44ec4a38, org.springframework.security.web.session.SessionManagementFilter@70e8c019, org.springframework.security.web.access.ExceptionTranslationFilter@3f2afa8b, org.springframework.security.web.access.intercept.FilterSecurityInterceptor@602b7944]
4668 [main] INFO  o.s.s.c.ThreadPoolTaskExecutor – Initializing ExecutorService 'applicationTaskExecutor'
4907 [main] INFO  o.a.coyote.http11.Http11NioProtocol – Starting ProtocolHandler ["http-nio-8080"]
4934 [main] INFO  o.s.b.w.e.tomcat.TomcatWebServer – Tomcat started on port(s): 8080 (http) with context path ''
4942 [main] INFO  o.s.s.a.ScheduledAnnotationBeanPostProcessor – No TaskScheduler/ScheduledExecutorService bean found for scheduled processing
4953 [main] INFO  Practice23.Application – Started Application in 4.51 seconds (JVM running for 7.951)
20735 [http-nio-8080-exec-1] INFO  o.a.c.c.C.[Tomcat].[localhost].[/] – Initializing Spring DispatcherServlet 'dispatcherServlet'
20735 [http-nio-8080-exec-1] INFO  o.s.web.servlet.DispatcherServlet – Initializing Servlet 'dispatcherServlet'
20735 [http-nio-8080-exec-1] INFO  o.s.web.servlet.DispatcherServlet – Completed initialization in 0 ms
31260 [http-nio-8080-exec-5] INFO  Practice23.config.TimeAspect – Method: loadUserByUsername in UserService, work time: 213 ms
31743 [http-nio-8080-exec-8] INFO  Practice23.config.TimeAspect – Method: takeAllUniversities in UniversityService, work time: 77 ms
112561 [http-nio-8080-exec-5] INFO  Practice23.config.TimeAspect – Method: takeAllUniversities in UniversityService, work time: 9 ms
114774 [http-nio-8080-exec-6] INFO  Practice23.config.TimeAspect – Method: takeAllUniversities in UniversityService, work time: 4 ms
116533 [http-nio-8080-exec-7] INFO  Practice23.config.TimeAspect – Method: takeAllUniversities in UniversityService, work time: 4 ms
121546 [http-nio-8080-exec-2] INFO  Practice23.config.TimeAspect – Method: takeAllUniversities in UniversityService, work time: 5 ms
130458 [http-nio-8080-exec-5] INFO  Practice23.config.TimeAspect – Method: loadUserByUsername in UserService, work time: 3 ms
130768 [http-nio-8080-exec-8] INFO  Practice23.config.TimeAspect – Method: takeAllUniversities in UniversityService, work time: 5 ms
436079 [http-nio-8080-exec-9] INFO  Practice23.config.TimeAspect – Method: takeAllUniversities in UniversityService, work time: 4 ms
617935 [http-nio-8080-exec-4] INFO  Practice23.config.TimeAspect – Method: takeUniversityById in UniversityService, work time: 14 ms
620544 [http-nio-8080-exec-3] INFO  Practice23.config.TimeAspect – Method: takeAllUniversities in UniversityService, work time: 3 ms
622720 [http-nio-8080-exec-5] INFO  Practice23.config.TimeAspect – Method: takeUniversityById in UniversityService, work time: 5 ms
1366724 [pool-2-thread-1] INFO  Practice23.services.DataScheduler – SCHEDULED task started at 21-12-2021 13:03:43
1366724 [pool-2-thread-1] INFO  Practice23.services.DataScheduler – File students.txt was deleted: true
1366724 [pool-2-thread-1] INFO  Practice23.services.DataScheduler – File universities.txt was deleted: true
1366740 [pool-2-thread-1] INFO  Practice23.config.TimeAspect – Method: getAllUniversities in UniversityService, work time: 0 ms
1366740 [pool-2-thread-1] INFO  Practice23.config.TimeAspect – Method: getAllStudents in StudentService, work time: 0 ms
1366740 [pool-2-thread-1] INFO  Practice23.services.DataScheduler – SCHEDULED task finished.
1366740 [pool-2-thread-1] INFO  Practice23.config.TimeAspect – Method: start in DataScheduler, work time: 16 ms
1367061 [HikariPool-1 housekeeper] WARN  com.zaxxer.hikari.pool.HikariPool – HikariPool-1 - Thread starvation or clock leap detected (housekeeper delta=7m13s600ms564µs200ns).
1902743 [http-nio-8080-exec-7] INFO  Practice23.config.TimeAspect – Method: takeAllUniversities in UniversityService, work time: 7 ms
2416848 [SpringContextShutdownHook] INFO  o.s.s.c.ThreadPoolTaskExecutor – Shutting down ExecutorService 'applicationTaskExecutor'
2416850 [SpringContextShutdownHook] INFO  o.s.o.j.LocalContainerEntityManagerFactoryBean – Closing JPA EntityManagerFactory for persistence unit 'default'
2416857 [SpringContextShutdownHook] INFO  com.zaxxer.hikari.HikariDataSource – HikariPool-1 - Shutdown initiated...
2416863 [SpringContextShutdownHook] INFO  com.zaxxer.hikari.HikariDataSource – HikariPool-1 - Shutdown completed.
